<?xml version="1.0" encoding="UTF-8"?>
<!-- Generated by org.testng.reporters.JUnitReportReporter -->
<testsuite skipped="0" hostname="DESKTOP-4DA5LII" name="WebTest.SelTest.PractiseTest2" tests="1" failures="0" timestamp="06 Jan 2019 12:23:33 GMT" time="0.030" errors="0">
  <testcase name="Test2" time="0.030" classname="WebTest.SelTest.PractiseTest2"/>
</testsuite> <!-- WebTest.SelTest.PractiseTest2 -->
