<?xml version="1.0" encoding="UTF-8"?>
<!-- Generated by org.testng.reporters.JUnitReportReporter -->
<testsuite skipped="0" hostname="DESKTOP-4DA5LII" name="WebTest.SelTest.PractiseTest" tests="2" failures="0" timestamp="06 Jan 2019 11:51:35 GMT" time="0.028" errors="0">
  <testcase name="Test1" time="0.024" classname="WebTest.SelTest.PractiseTest"/>
  <testcase name="Test2" time="0.004" classname="WebTest.SelTest.PractiseTest"/>
</testsuite> <!-- WebTest.SelTest.PractiseTest -->
