<?xml version="1.0" encoding="UTF-8"?>
<!-- Generated by org.testng.reporters.JUnitReportReporter -->
<testsuite skipped="0" hostname="DESKTOP-4DA5LII" name="WebTest.SelTest.P2Test" tests="1" failures="0" timestamp="09 Jan 2019 03:37:50 GMT" time="0.025" errors="0">
  <testcase name="Test2" time="0.025" classname="WebTest.SelTest.P2Test"/>
</testsuite> <!-- WebTest.SelTest.P2Test -->
